<?xml version="1.0" encoding="UTF-8"?>
<coverage generated="1497111136">
  <project timestamp="1497111136">
    <package name="Churn">
      <file name="/home/bmitch/Code/ChurnPhp/src/Class.php">
        <class name="ClassLengthSniff" namespace="Churn">
          <metrics complexity="0" methods="0" coveredmethods="0" conditionals="0" coveredconditionals="0" statements="0" coveredstatements="0" elements="0" coveredelements="0"/>
        </class>
        <metrics loc="8" ncloc="8" classes="0" methods="0" coveredmethods="0" conditionals="0" coveredconditionals="0" statements="0" coveredstatements="0" elements="0" coveredelements="0"/>
      </file>
    </package>
    <metrics files="1" loc="8" ncloc="8" classes="0" methods="0" coveredmethods="0" conditionals="0" coveredconditionals="0" statements="0" coveredstatements="0" elements="0" coveredelements="0"/>
  </project>
</coverage>
